Mar 26 12:32:09.000 [notice] Tor 0.4.8.10 opening new log file.
Mar 26 12:32:09.520 [notice] We compiled with OpenSSL 300000d0: OpenSSL 3.0.13 30 Jan 2024 and we are running with OpenSSL 300000d0: 3.0.13. These two versions should be binary compatible.
Mar 26 12:32:09.522 [notice] Tor 0.4.8.10 running on Linux with Libevent 2.1.12-stable, OpenSSL 3.0.13, Zlib 1.3, Liblzma 5.4.5, Libzstd 1.5.5 and Glibc 2.39 as libc.
Mar 26 12:32:09.522 [notice] Tor can't help you if you use it wrong! Learn how to be safe at https://support.torproject.org/faq/staying-anonymous/
Mar 26 12:32:09.522 [notice] Read configuration file "/home/runner/work/Auto-Tor-Bridges-Telegram-Bot/Auto-Tor-Bridges-Telegram-Bot/temp/torrc_test".
Mar 26 12:32:09.523 [notice] Opening Socks listener on 127.0.0.1:9051
Mar 26 12:32:09.523 [notice] Opened Socks listener connection (ready) on 127.0.0.1:9051
Mar 26 12:32:09.000 [notice] Parsing GEOIP IPv4 file /usr/share/tor/geoip.
Mar 26 12:32:09.000 [notice] Parsing GEOIP IPv6 file /usr/share/tor/geoip6.
Mar 26 12:32:09.000 [notice] Bootstrapped 0% (starting): Starting
Mar 26 12:32:09.000 [notice] Starting with guard context "bridges"
Mar 26 12:32:09.000 [notice] Delaying directory fetches: No running bridges
Mar 26 12:32:10.000 [notice] Bootstrapped 1% (conn_pt): Connecting to pluggable transport
Mar 26 12:32:10.000 [notice] Bootstrapped 2% (conn_done_pt): Connected to pluggable transport
Mar 26 12:32:11.000 [notice] Bootstrapped 10% (conn_done): Connected to a relay
Mar 26 12:32:11.000 [notice] Bootstrapped 14% (handshake): Handshaking with a relay
Mar 26 12:32:11.000 [notice] Bootstrapped 15% (handshake_done): Handshake with a relay done
Mar 26 12:32:11.000 [notice] Bootstrapped 20% (onehop_create): Establishing an encrypted directory connection
Mar 26 12:32:12.000 [notice] Bootstrapped 25% (requesting_status): Asking for networkstatus consensus
Mar 26 12:32:12.000 [notice] new bridge descriptor 'MandrakVPN' (fresh): $EE7595ED9D6370212C78F1CC18263361F0A2C815~MandrakVPN [BxG9OMDwqGhMBO0SZWBnUD4bP+ZLN64UfnCnJoPgLBo] at 201.88.103.94
Mar 26 12:32:12.000 [notice] Bootstrapped 75% (enough_dirinfo): Loaded enough directory info to build circuits
Mar 26 12:32:12.000 [warn] Only one bridge (transport: 'obfs4') is configured. You should have at least two for conflux, for any transport that is not 'snowflake'.
Mar 26 12:32:12.000 [notice] Bootstrapped 90% (ap_handshake_done): Handshake finished with a relay to build circuits
Mar 26 12:32:12.000 [notice] Bootstrapped 95% (circuit_create): Establishing a Tor circuit
Mar 26 12:32:15.000 [notice] Bootstrapped 100% (done): Done
Mar 26 12:32:31.000 [notice] Catching signal TERM, exiting cleanly.
